<?xml version="1.0" encoding="UTF-8"?>
<testng-results ignored="0" total="1" passed="1" failed="0" skipped="0">
  <reporter-output>
  </reporter-output>
  <suite started-at="2025-09-20T23:19:22 IST" name="Surefire suite" finished-at="2025-09-20T23:19:31 IST" duration-ms="8944">
    <groups>
    </groups>
    <test started-at="2025-09-20T23:19:22 IST" name="Surefire test" finished-at="2025-09-20T23:19:31 IST" duration-ms="8944">
      <class name="com.winconnect.LoginTest">
        <test-method is-config="true" signature="setUp()[pri:0, instance:com.winconnect.LoginTest@7d3a22a9]" started-at="2025-09-20T23:19:22 IST" name="setUp" finished-at="2025-09-20T23:19:23 IST" duration-ms="1211" status="PASS">
          <reporter-output>
          </reporter-output>
        </test-method> <!-- setUp -->
        <test-method signature="CreateOrder()[pri:0, instance:com.winconnect.LoginTest@7d3a22a9]" started-at="2025-09-20T23:19:23 IST" name="CreateOrder" finished-at="2025-09-20T23:19:31 IST" duration-ms="7720" status="PASS">
          <reporter-output>
          </reporter-output>
        </test-method> <!-- CreateOrder -->
      </class> <!-- com.winconnect.LoginTest -->
    </test> <!-- Surefire test -->
  </suite> <!-- Surefire suite -->
</testng-results>
